<?xml version="1.0" encoding="UTF-8" ?>
<testsuite tests="2" failures="1" name="com.demo.test.DemoTest" time="9.608" errors="0" skipped="0">
  <properties>
[...]
</properties>
  <testcase classname="com.demo.test.DemoTest" name="gotoSeleniumWikiPage" time="7.007"/>
  <testcase classname="com.demo.test.DemoTest" name="gotoSeleniumWikiPageFailure" time="2.601">
    <failure message="expected [Selenium WebDriver] but found [Selenium]" type="java.lang.AssertionError">java.lang.AssertionError: expected [Selenium WebDriver] but found [Selenium]
	at org.testng.Assert.fail(Assert.java:94)
	at org.testng.Assert.failNotEquals(Assert.java:513)
	at org.testng.Assert.assertEqualsImpl(Assert.java:135)
	at org.testng.Assert.assertEquals(Assert.java:116)
	at org.testng.Assert.assertEquals(Assert.java:190)
	at org.testng.Assert.assertEquals(Assert.java:200)
	at com.demo.test.DemoTest.gotoSeleniumWikiPageFailure(DemoTest.java:50)
</failure>
  </testcase>
</testsuite>